NewNotes-main/app/build/intermediates/manifest_merge_blame_file/debug/manifest-merger-blame-debug-report.txt
1<?xml version="1.0" encoding="utf-8"?>
2<manifest xmlns:android="http://schemas.android.com/apk/res/android"
3    package="net.micode.notes"
4    android:versionCode="1"
5    android:versionName="1.0" >
6
7    <uses-sdk
7-->src\main\AndroidManifest.xml:7:5-74
8        android:minSdkVersion="14"
8-->src\main\AndroidManifest.xml:7:15-41
9        android:targetSdkVersion="31" />
9-->src\main\AndroidManifest.xml:7:42-71
10
11    <uses-permission android:name="android.permission.WRITE_EXTERNAL_STORAGE" />
11-->src\main\AndroidManifest.xml:9:5-81
11-->src\main\AndroidManifest.xml:9:22-78
12    <uses-permission android:name="android.permission.READ_EXTERNAL_STORAGE" />
12-->src\main\AndroidManifest.xml:10:5-80
12-->src\main\AndroidManifest.xml:10:22-77
13    <uses-permission android:name="com.android.launcher.permission.INSTALL_SHORTCUT" />
13-->src\main\AndroidManifest.xml:11:5-88
13-->src\main\AndroidManifest.xml:11:22-85
14    <uses-permission android:name="android.permission.INTERNET" />
14-->src\main\AndroidManifest.xml:12:5-67
14-->src\main\AndroidManifest.xml:12:22-64
15    <uses-permission android:name="android.permission.READ_CONTACTS" />
15-->src\main\AndroidManifest.xml:13:5-72
15-->src\main\AndroidManifest.xml:13:22-69
16    <uses-permission android:name="android.permission.MANAGE_ACCOUNTS" />
16-->src\main\AndroidManifest.xml:14:5-74
16-->src\main\AndroidManifest.xml:14:22-71
17    <uses-permission android:name="android.permission.AUTHENTICATE_ACCOUNTS" />
17-->src\main\AndroidManifest.xml:15:5-80
17-->src\main\AndroidManifest.xml:15:22-77
18    <uses-permission android:name="android.permission.GET_ACCOUNTS" />
18-->src\main\AndroidManifest.xml:16:5-71
18-->src\main\AndroidManifest.xml:16:22-68
19    <uses-permission android:name="android.permission.USE_CREDENTIALS" />
19-->src\main\AndroidManifest.xml:17:5-74
19-->src\main\AndroidManifest.xml:17:22-71
20    <uses-permission android:name="android.permission.RECEIVE_BOOT_COMPLETED" />
20-->src\main\AndroidManifest.xml:18:5-81
20-->src\main\AndroidManifest.xml:18:22-78
21
22    <application
22-->src\main\AndroidManifest.xml:20:5-162:19
23        android:appComponentFactory="androidx.core.app.CoreComponentFactory"
23-->[androidx.core:core:1.7.0] AndroidManifest.xml:24:18-86
24        android:debuggable="true"
25        android:icon="@drawable/icon_app"
25-->src\main\AndroidManifest.xml:21:9-42
26        android:label="@string/app_name"
26-->src\main\AndroidManifest.xml:22:9-41
27        android:testOnly="true"
28        android:theme="@style/AppTheme" >
28-->src\main\AndroidManifest.xml:23:9-40
29
30        <!-- 已添加 android:exported 属性 -->
31        <activity
31-->src\main\AndroidManifest.xml:26:9-28:40
32            android:name="net.micode.notes.ui.EditActivity"
32-->src\main\AndroidManifest.xml:27:13-44
33            android:exported="false" />
33-->src\main\AndroidManifest.xml:28:13-37
34        <activity
34-->src\main\AndroidManifest.xml:30:9-33:41
35            android:name="net.micode.notes.ui.AddActivity"
35-->src\main\AndroidManifest.xml:31:13-43
36            android:exported="false"
36-->src\main\AndroidManifest.xml:32:13-37
37            android:label="add notes" />
37-->src\main\AndroidManifest.xml:33:13-38
38        <activity
38-->src\main\AndroidManifest.xml:35:9-38:40
39            android:name="net.micode.notes.ui.SafeFolderActivity"
39-->src\main\AndroidManifest.xml:36:13-50
40            android:exported="false"
40-->src\main\AndroidManifest.xml:38:13-37
41            android:label="safe folder" />
41-->src\main\AndroidManifest.xml:37:13-40
42        <activity
42-->src\main\AndroidManifest.xml:40:9-42:40
43            android:name="net.micode.notes.ui.pwdActivity"
43-->src\main\AndroidManifest.xml:41:13-43
44            android:exported="false" />
44-->src\main\AndroidManifest.xml:42:13-37
45        <activity
45-->src\main\AndroidManifest.xml:44:9-57:20
46            android:name="net.micode.notes.ui.NotesListActivity"
46-->src\main\AndroidManifest.xml:45:13-49
47            android:configChanges="keyboardHidden|orientation|screenSize"
47-->src\main\AndroidManifest.xml:46:13-74
48            android:exported="true"
48-->src\main\AndroidManifest.xml:52:13-36
49            android:label="@string/app_name"
49-->src\main\AndroidManifest.xml:47:13-45
50            android:launchMode="singleTop"
50-->src\main\AndroidManifest.xml:48:13-43
51            android:theme="@style/NoteTheme"
51-->src\main\AndroidManifest.xml:49:13-45
52            android:uiOptions="splitActionBarWhenNarrow"
52-->src\main\AndroidManifest.xml:50:13-57
53            android:windowSoftInputMode="adjustPan" >
53-->src\main\AndroidManifest.xml:51:13-52
54            <intent-filter>
54-->src\main\AndroidManifest.xml:53:13-56:29
55                <action android:name="android.intent.action.MAIN" />
55-->src\main\AndroidManifest.xml:54:17-69
55-->src\main\AndroidManifest.xml:54:25-66
56
57                <category android:name="android.intent.category.LAUNCHER" />
57-->src\main\AndroidManifest.xml:55:17-77
57-->src\main\AndroidManifest.xml:55:27-74
58            </intent-filter>
59        </activity>
60        <activity
60-->src\main\AndroidManifest.xml:59:9-85:20
61            android:name="net.micode.notes.ui.NoteEditActivity"
61-->src\main\AndroidManifest.xml:60:13-48
62            android:configChanges="keyboardHidden|orientation|screenSize"
62-->src\main\AndroidManifest.xml:61:13-74
63            android:exported="true"
63-->src\main\AndroidManifest.xml:64:13-36
64            android:launchMode="singleTop"
64-->src\main\AndroidManifest.xml:62:13-43
65            android:theme="@style/NoteTheme" >
65-->src\main\AndroidManifest.xml:63:13-45
66            <intent-filter>
66-->src\main\AndroidManifest.xml:65:13-70:29
67                <action android:name="android.intent.action.VIEW" />
67-->src\main\AndroidManifest.xml:66:17-69
67-->src\main\AndroidManifest.xml:66:25-66
68
69                <category android:name="android.intent.category.DEFAULT" />
69-->src\main\AndroidManifest.xml:67:17-76
69-->src\main\AndroidManifest.xml:67:27-73
70
71                <data android:mimeType="vnd.android.cursor.item/text_note" />
71-->src\main\AndroidManifest.xml:68:17-78
71-->src\main\AndroidManifest.xml:68:23-75
72                <data android:mimeType="vnd.android.cursor.item/call_note" />
72-->src\main\AndroidManifest.xml:68:17-78
72-->src\main\AndroidManifest.xml:68:23-75
73            </intent-filter>
74            <intent-filter>
74-->src\main\AndroidManifest.xml:71:13-76:29
75                <action android:name="android.intent.action.INSERT_OR_EDIT" />
75-->src\main\AndroidManifest.xml:72:17-79
75-->src\main\AndroidManifest.xml:72:25-76
76
77                <category android:name="android.intent.category.DEFAULT" />
77-->src\main\AndroidManifest.xml:67:17-76
77-->src\main\AndroidManifest.xml:67:27-73
78
79                <data android:mimeType="vnd.android.cursor.item/text_note" />
79-->src\main\AndroidManifest.xml:68:17-78
79-->src\main\AndroidManifest.xml:68:23-75
80                <data android:mimeType="vnd.android.cursor.item/call_note" />
80-->src\main\AndroidManifest.xml:68:17-78
80-->src\main\AndroidManifest.xml:68:23-75
81            </intent-filter>
82            <intent-filter>
82-->src\main\AndroidManifest.xml:77:13-80:29
83                <action android:name="android.intent.action.SEARCH" />
83-->src\main\AndroidManifest.xml:78:17-71
83-->src\main\AndroidManifest.xml:78:25-68
84
85                <category android:name="android.intent.category.DEFAULT" />
85-->src\main\AndroidManifest.xml:67:17-76
85-->src\main\AndroidManifest.xml:67:27-73
86            </intent-filter>
87
88            <meta-data
88-->src\main\AndroidManifest.xml:82:13-84:54
89                android:name="android.app.searchable"
89-->src\main\AndroidManifest.xml:83:17-54
90                android:resource="@xml/searchable" />
90-->src\main\AndroidManifest.xml:84:17-51
91        </activity>
92
93        <provider
93-->src\main\AndroidManifest.xml:87:9-91:40
94            android:name="net.micode.notes.data.NotesProvider"
94-->src\main\AndroidManifest.xml:88:13-63
95            android:authorities="micode_notes"
95-->src\main\AndroidManifest.xml:89:13-47
96            android:exported="false"
96-->src\main\AndroidManifest.xml:91:13-37
97            android:multiprocess="true" />
97-->src\main\AndroidManifest.xml:90:13-40
98
99        <receiver
99-->src\main\AndroidManifest.xml:93:9-106:20
100            android:name="net.micode.notes.widget.NoteWidgetProvider_2x"
100-->src\main\AndroidManifest.xml:94:13-57
101            android:exported="true"
101-->src\main\AndroidManifest.xml:96:13-36
102            android:label="@string/app_widget2x2" >
102-->src\main\AndroidManifest.xml:95:13-50
103            <intent-filter>
103-->src\main\AndroidManifest.xml:97:13-101:29
104                <action android:name="android.appwidget.action.APPWIDGET_UPDATE" />
104-->src\main\AndroidManifest.xml:98:17-84
104-->src\main\AndroidManifest.xml:98:25-81
105                <action android:name="android.appwidget.action.APPWIDGET_DELETED" />
105-->src\main\AndroidManifest.xml:99:17-85
105-->src\main\AndroidManifest.xml:99:25-82
106                <action android:name="android.intent.action.PRIVACY_MODE_CHANGED" />
106-->src\main\AndroidManifest.xml:100:17-85
106-->src\main\AndroidManifest.xml:100:25-82
107            </intent-filter>
108
109            <meta-data
109-->src\main\AndroidManifest.xml:103:13-105:58
110                android:name="android.appwidget.provider"
110-->src\main\AndroidManifest.xml:104:17-58
111                android:resource="@xml/widget_2x_info" />
111-->src\main\AndroidManifest.xml:105:17-55
112        </receiver>
113        <receiver
113-->src\main\AndroidManifest.xml:108:9-121:20
114            android:name="net.micode.notes.widget.NoteWidgetProvider_4x"
114-->src\main\AndroidManifest.xml:109:13-57
115            android:exported="true"
115-->src\main\AndroidManifest.xml:111:13-36
116            android:label="@string/app_widget4x4" >
116-->src\main\AndroidManifest.xml:110:13-50
117            <intent-filter>
117-->src\main\AndroidManifest.xml:97:13-101:29
118                <action android:name="android.appwidget.action.APPWIDGET_UPDATE" />
118-->src\main\AndroidManifest.xml:98:17-84
118-->src\main\AndroidManifest.xml:98:25-81
119                <action android:name="android.appwidget.action.APPWIDGET_DELETED" />
119-->src\main\AndroidManifest.xml:99:17-85
119-->src\main\AndroidManifest.xml:99:25-82
120                <action android:name="android.intent.action.PRIVACY_MODE_CHANGED" />
120-->src\main\AndroidManifest.xml:100:17-85
120-->src\main\AndroidManifest.xml:100:25-82
121            </intent-filter>
122
123            <meta-data
123-->src\main\AndroidManifest.xml:103:13-105:58
124                android:name="android.appwidget.provider"
124-->src\main\AndroidManifest.xml:104:17-58
125                android:resource="@xml/widget_4x_info" />
125-->src\main\AndroidManifest.xml:105:17-55
126        </receiver>
127        <receiver
127-->src\main\AndroidManifest.xml:123:9-129:20
128            android:name="net.micode.notes.ui.AlarmInitReceiver"
128-->src\main\AndroidManifest.xml:124:13-49
129            android:exported="true" >
129-->src\main\AndroidManifest.xml:125:13-36
130            <intent-filter>
130-->src\main\AndroidManifest.xml:126:13-128:29
131                <action android:name="android.intent.action.BOOT_COMPLETED" />
131-->src\main\AndroidManifest.xml:127:17-79
131-->src\main\AndroidManifest.xml:127:25-76
132            </intent-filter>
133        </receiver>
134        <receiver
134-->src\main\AndroidManifest.xml:131:9-134:40
135            android:name="net.micode.notes.ui.AlarmReceiver"
135-->src\main\AndroidManifest.xml:132:13-45
136            android:exported="false"
136-->src\main\AndroidManifest.xml:134:13-37
137            android:process=":remote" />
137-->src\main\AndroidManifest.xml:133:13-38
138
139        <activity
139-->src\main\AndroidManifest.xml:136:9-141:40
140            android:name="net.micode.notes.ui.AlarmAlertActivity"
140-->src\main\AndroidManifest.xml:137:13-50
141            android:exported="false"
141-->src\main\AndroidManifest.xml:141:13-37
142            android:label="@string/app_name"
142-->src\main\AndroidManifest.xml:138:13-45
143            android:launchMode="singleInstance"
143-->src\main\AndroidManifest.xml:139:13-48
144            android:theme="@android:style/Theme.Holo.Wallpaper.NoTitleBar" />
144-->src\main\AndroidManifest.xml:140:13-75
145        <activity
145-->src\main\AndroidManifest.xml:143:9-148:40
146            android:name="net.micode.notes.ui.NotesPreferenceActivity"
146-->src\main\AndroidManifest.xml:144:13-55
147            android:exported="false"
147-->src\main\AndroidManifest.xml:148:13-37
148            android:label="@string/preferences_title"
148-->src\main\AndroidManifest.xml:145:13-54
149            android:launchMode="singleTop"
149-->src\main\AndroidManifest.xml:146:13-43
150            android:theme="@android:style/Theme.Holo.Light" />
150-->src\main\AndroidManifest.xml:147:13-60
151
152        <service
152-->src\main\AndroidManifest.xml:150:9-152:40
153            android:name="net.micode.notes.gtask.remote.GTaskSyncService"
153-->src\main\AndroidManifest.xml:151:13-74
154            android:exported="false" />
154-->src\main\AndroidManifest.xml:152:13-37
155
156        <meta-data
156-->src\main\AndroidManifest.xml:154:9-156:52
157            android:name="android.app.default_searchable"
157-->src\main\AndroidManifest.xml:155:13-58
158            android:value=".ui.NoteEditActivity" />
158-->src\main\AndroidManifest.xml:156:13-49
159
160        <!-- 添加AppCompat主题支持 -->
161        <meta-data
161-->src\main\AndroidManifest.xml:159:9-161:32
162            android:name="android.app.lib_name"
162-->src\main\AndroidManifest.xml:160:13-48
163            android:value="" />
163-->src\main\AndroidManifest.xml:161:13-29
164
165        <provider
165-->[androidx.emoji2:emoji2:1.0.0] AndroidManifest.xml:26:9-34:20
166            android:name="androidx.startup.InitializationProvider"
166-->[androidx.emoji2:emoji2:1.0.0] AndroidManifest.xml:27:13-67
167            android:authorities="net.micode.notes.androidx-startup"
167-->[androidx.emoji2:emoji2:1.0.0] AndroidManifest.xml:28:13-68
168            android:exported="false" >
168-->[androidx.emoji2:emoji2:1.0.0] AndroidManifest.xml:29:13-37
169            <meta-data
169-->[androidx.emoji2:emoji2:1.0.0] AndroidManifest.xml:31:13-33:52
170                android:name="androidx.emoji2.text.EmojiCompatInitializer"
170-->[androidx.emoji2:emoji2:1.0.0] AndroidManifest.xml:32:17-75
171                android:value="androidx.startup" />
171-->[androidx.emoji2:emoji2:1.0.0] AndroidManifest.xml:33:17-49
172            <meta-data
172-->[androidx.lifecycle:lifecycle-process:2.4.0] AndroidManifest.xml:31:13-33:52
173                android:name="androidx.lifecycle.ProcessLifecycleInitializer"
173-->[androidx.lifecycle:lifecycle-process:2.4.0] AndroidManifest.xml:32:17-78
174                android:value="androidx.startup" />
174-->[androidx.lifecycle:lifecycle-process:2.4.0] AndroidManifest.xml:33:17-49
175        </provider>
176    </application>
177
178</manifest>